<?xml version="1.0" encoding="UTF-8"?>
<!-- Generated by org.testng.reporters.JUnitReportReporter -->
<testsuite hostname="SELVABALA" failures="0" tests="1" name="com.leaftaps.testcases.TC003_CreateLead" time="22.179" errors="0" timestamp="2024-06-30T18:06:41 IST" skipped="0">
  <testcase classname="com.leaftaps.testcases.TC003_CreateLead" name="runLogin" time="22.179"/>
  <system-out/>
</testsuite> <!-- com.leaftaps.testcases.TC003_CreateLead -->
